{
    "name": "POST",
    "context": {
        "trace_id": "0xf3e1b1325aabfbfa9a722ad4fea6901d",
        "span_id": "0x2249251f77dd7315",
        "trace_state": "[]"
    },
    "kind": "SpanKind.CLIENT",
    "parent_id": null,
    "start_time": "2025-07-29T20:03:29.623284Z",
    "end_time": "2025-07-29T20:03:29.819607Z",
    "status": {
        "status_code": "UNSET"
    },
    "attributes": {
        "http.method": "POST",
        "http.url": "https://slack.com/api/chat.postMessage",
        "http.status_code": 200
    },
    "events": [],
    "links": [],
    "resource": {
        "attributes": {
            "telemetry.sdk.language": "python",
            "telemetry.sdk.name": "opentelemetry",
            "telemetry.sdk.version": "1.36.0",
            "service.name": "bmad-agents",
            "service.version": "1.0.0",
            "service.environment": "development"
        },
        "schema_url": ""
    }
}
{
    "name": "POST",
    "context": {
        "trace_id": "0xc78c55bd9cb8c348b742e0bab1e8899f",
        "span_id": "0xc9dcaa1072c88751",
        "trace_state": "[]"
    },
    "kind": "SpanKind.CLIENT",
    "parent_id": null,
    "start_time": "2025-07-29T20:03:29.905591Z",
    "end_time": "2025-07-29T20:03:30.099109Z",
    "status": {
        "status_code": "UNSET"
    },
    "attributes": {
        "http.method": "POST",
        "http.url": "https://slack.com/api/chat.postMessage",
        "http.status_code": 200
    },
    "events": [],
    "links": [],
    "resource": {
        "attributes": {
            "telemetry.sdk.language": "python",
            "telemetry.sdk.name": "opentelemetry",
            "telemetry.sdk.version": "1.36.0",
            "service.name": "bmad-agents",
            "service.version": "1.0.0",
            "service.environment": "development"
        },
        "schema_url": ""
    }
}
{
    "name": "POST",
    "context": {
        "trace_id": "0xd92a8e7da820202176b7fd21ad61de44",
        "span_id": "0x27b681b3a45dd3ff",
        "trace_state": "[]"
    },
    "kind": "SpanKind.CLIENT",
    "parent_id": null,
    "start_time": "2025-07-29T20:03:30.103567Z",
    "end_time": "2025-07-29T20:03:30.294134Z",
    "status": {
        "status_code": "UNSET"
    },
    "attributes": {
        "http.method": "POST",
        "http.url": "https://slack.com/api/chat.postMessage",
        "http.status_code": 200
    },
    "events": [],
    "links": [],
    "resource": {
        "attributes": {
            "telemetry.sdk.language": "python",
            "telemetry.sdk.name": "opentelemetry",
            "telemetry.sdk.version": "1.36.0",
            "service.name": "bmad-agents",
            "service.version": "1.0.0",
            "service.environment": "development"
        },
        "schema_url": ""
    }
}
{
    "name": "POST",
    "context": {
        "trace_id": "0x30ef3ac4e57253d29993a10992076e18",
        "span_id": "0x75f468b0be00d46b",
        "trace_state": "[]"
    },
    "kind": "SpanKind.CLIENT",
    "parent_id": null,
    "start_time": "2025-07-29T20:03:30.317866Z",
    "end_time": "2025-07-29T20:03:30.513194Z",
    "status": {
        "status_code": "UNSET"
    },
    "attributes": {
        "http.method": "POST",
        "http.url": "https://slack.com/api/chat.postMessage",
        "http.status_code": 200
    },
    "events": [],
    "links": [],
    "resource": {
        "attributes": {
            "telemetry.sdk.language": "python",
            "telemetry.sdk.name": "opentelemetry",
            "telemetry.sdk.version": "1.36.0",
            "service.name": "bmad-agents",
            "service.version": "1.0.0",
            "service.environment": "development"
        },
        "schema_url": ""
    }
}
{
    "name": "POST",
    "context": {
        "trace_id": "0x775994291ea53f35e87a41e89004e5dd",
        "span_id": "0x93adabff4b1197ad",
        "trace_state": "[]"
    },
    "kind": "SpanKind.CLIENT",
    "parent_id": null,
    "start_time": "2025-07-29T20:03:30.522034Z",
    "end_time": "2025-07-29T20:03:30.706607Z",
    "status": {
        "status_code": "UNSET"
    },
    "attributes": {
        "http.method": "POST",
        "http.url": "https://slack.com/api/chat.postMessage",
        "http.status_code": 200
    },
    "events": [],
    "links": [],
    "resource": {
        "attributes": {
            "telemetry.sdk.language": "python",
            "telemetry.sdk.name": "opentelemetry",
            "telemetry.sdk.version": "1.36.0",
            "service.name": "bmad-agents",
            "service.version": "1.0.0",
            "service.environment": "development"
        },
        "schema_url": ""
    }
}
{
    "name": "POST",
    "context": {
        "trace_id": "0x0bac483a82b681fb6d46bc568d6a7ce0",
        "span_id": "0x86f0b98ab1d3f10a",
        "trace_state": "[]"
    },
    "kind": "SpanKind.CLIENT",
    "parent_id": null,
    "start_time": "2025-07-29T20:03:30.713996Z",
    "end_time": "2025-07-29T20:03:30.903427Z",
    "status": {
        "status_code": "UNSET"
    },
    "attributes": {
        "http.method": "POST",
        "http.url": "https://slack.com/api/chat.postMessage",
        "http.status_code": 200
    },
    "events": [],
    "links": [],
    "resource": {
        "attributes": {
            "telemetry.sdk.language": "python",
            "telemetry.sdk.name": "opentelemetry",
            "telemetry.sdk.version": "1.36.0",
            "service.name": "bmad-agents",
            "service.version": "1.0.0",
            "service.environment": "development"
        },
        "schema_url": ""
    }
}
{
    "name": "POST",
    "context": {
        "trace_id": "0xd86c7968eee581f5206f7babc1175350",
        "span_id": "0x59dcc5e7ecdecec0",
        "trace_state": "[]"
    },
    "kind": "SpanKind.CLIENT",
    "parent_id": null,
    "start_time": "2025-07-29T20:03:30.906684Z",
    "end_time": "2025-07-29T20:03:31.096706Z",
    "status": {
        "status_code": "UNSET"
    },
    "attributes": {
        "http.method": "POST",
        "http.url": "https://slack.com/api/chat.postMessage",
        "http.status_code": 200
    },
    "events": [],
    "links": [],
    "resource": {
        "attributes": {
            "telemetry.sdk.language": "python",
            "telemetry.sdk.name": "opentelemetry",
            "telemetry.sdk.version": "1.36.0",
            "service.name": "bmad-agents",
            "service.version": "1.0.0",
            "service.environment": "development"
        },
        "schema_url": ""
    }
}
{
    "name": "POST",
    "context": {
        "trace_id": "0x7fa42be1f2e9779eb294d5ea68ead758",
        "span_id": "0x26bf6a9b6b1f4b69",
        "trace_state": "[]"
    },
    "kind": "SpanKind.CLIENT",
    "parent_id": null,
    "start_time": "2025-07-29T20:03:31.104260Z",
    "end_time": "2025-07-29T20:03:31.149680Z",
    "status": {
        "status_code": "ERROR",
        "description": "ConnectionError: HTTPConnectionPool(host='localhost', port=5001): Max retries exceeded with url: /slack/events (Caused by NewConnectionError('<urllib3.connection.HTTPConnection object at 0x11b3d4830>: Failed to establish a new connection: [Errno 61] Connection refused'))"
    },
    "attributes": {
        "http.method": "POST",
        "http.url": "http://localhost:5001/slack/events"
    },
    "events": [
        {
            "name": "exception",
            "timestamp": "2025-07-29T20:03:31.149663Z",
            "attributes": {
                "exception.type": "requests.exceptions.ConnectionError",
                "exception.message": "HTTPConnectionPool(host='localhost', port=5001): Max retries exceeded with url: /slack/events (Caused by NewConnectionError('<urllib3.connection.HTTPConnection object at 0x11b3d4830>: Failed to establish a new connection: [Errno 61] Connection refused'))",
                "exception.stacktrace": "Traceback (most recent call last):\n  File \"/Users/yannickmacgillavry/Projects/BMAD/path/to/venv/lib/python3.13/site-packages/urllib3/connection.py\", line 198, in _new_conn\n    sock = connection.create_connection(\n        (self._dns_host, self.port),\n    ...<2 lines>...\n        socket_options=self.socket_options,\n    )\n  File \"/Users/yannickmacgillavry/Projects/BMAD/path/to/venv/lib/python3.13/site-packages/urllib3/util/connection.py\", line 85, in create_connection\n    raise err\n  File \"/Users/yannickmacgillavry/Projects/BMAD/path/to/venv/lib/python3.13/site-packages/urllib3/util/connection.py\", line 73, in create_connection\n    sock.connect(sa)\n    ~~~~~~~~~~~~^^^^\nConnectionRefusedError: [Errno 61] Connection refused\n\nThe above exception was the direct cause of the following exception:\n\nTraceback (most recent call last):\n  File \"/Users/yannickmacgillavry/Projects/BMAD/path/to/venv/lib/python3.13/site-packages/urllib3/connectionpool.py\", line 787, in urlopen\n    response = self._make_request(\n        conn,\n    ...<10 lines>...\n        **response_kw,\n    )\n  File \"/Users/yannickmacgillavry/Projects/BMAD/path/to/venv/lib/python3.13/site-packages/urllib3/connectionpool.py\", line 493, in _make_request\n    conn.request(\n    ~~~~~~~~~~~~^\n        method,\n        ^^^^^^^\n    ...<6 lines>...\n        enforce_content_length=enforce_content_length,\n        ^^^^^^^^^^^^^^^^^^^^^^^^^^^^^^^^^^^^^^^^^^^^^^\n    )\n    ^\n  File \"/Users/yannickmacgillavry/Projects/BMAD/path/to/venv/lib/python3.13/site-packages/urllib3/connection.py\", line 494, in request\n    self.endheaders()\n    ~~~~~~~~~~~~~~~^^\n  File \"/opt/homebrew/Cellar/python@3.13/3.13.5/Frameworks/Python.framework/Versions/3.13/lib/python3.13/http/client.py\", line 1333, in endheaders\n    self._send_output(message_body, encode_chunked=encode_chunked)\n    ~~~~~~~~~~~~~~~~~^^^^^^^^^^^^^^^^^^^^^^^^^^^^^^^^^^^^^^^^^^^^^\n  File \"/opt/homebrew/Cellar/python@3.13/3.13.5/Frameworks/Python.framework/Versions/3.13/lib/python3.13/http/client.py\", line 1093, in _send_output\n    self.send(msg)\n    ~~~~~~~~~^^^^^\n  File \"/opt/homebrew/Cellar/python@3.13/3.13.5/Frameworks/Python.framework/Versions/3.13/lib/python3.13/http/client.py\", line 1037, in send\n    self.connect()\n    ~~~~~~~~~~~~^^\n  File \"/Users/yannickmacgillavry/Projects/BMAD/path/to/venv/lib/python3.13/site-packages/urllib3/connection.py\", line 325, in connect\n    self.sock = self._new_conn()\n                ~~~~~~~~~~~~~~^^\n  File \"/Users/yannickmacgillavry/Projects/BMAD/path/to/venv/lib/python3.13/site-packages/urllib3/connection.py\", line 213, in _new_conn\n    raise NewConnectionError(\n        self, f\"Failed to establish a new connection: {e}\"\n    ) from e\nurllib3.exceptions.NewConnectionError: <urllib3.connection.HTTPConnection object at 0x11b3d4830>: Failed to establish a new connection: [Errno 61] Connection refused\n\nThe above exception was the direct cause of the following exception:\n\nTraceback (most recent call last):\n  File \"/Users/yannickmacgillavry/Projects/BMAD/path/to/venv/lib/python3.13/site-packages/requests/adapters.py\", line 667, in send\n    resp = conn.urlopen(\n        method=request.method,\n    ...<9 lines>...\n        chunked=chunked,\n    )\n  File \"/Users/yannickmacgillavry/Projects/BMAD/path/to/venv/lib/python3.13/site-packages/urllib3/connectionpool.py\", line 841, in urlopen\n    retries = retries.increment(\n        method, url, error=new_e, _pool=self, _stacktrace=sys.exc_info()[2]\n    )\n  File \"/Users/yannickmacgillavry/Projects/BMAD/path/to/venv/lib/python3.13/site-packages/urllib3/util/retry.py\", line 519, in increment\n    raise MaxRetryError(_pool, url, reason) from reason  # type: ignore[arg-type]\n    ^^^^^^^^^^^^^^^^^^^^^^^^^^^^^^^^^^^^^^^^^^^^^^^^^^^\nurllib3.exceptions.MaxRetryError: HTTPConnectionPool(host='localhost', port=5001): Max retries exceeded with url: /slack/events (Caused by NewConnectionError('<urllib3.connection.HTTPConnection object at 0x11b3d4830>: Failed to establish a new connection: [Errno 61] Connection refused'))\n\nDuring handling of the above exception, another exception occurred:\n\nTraceback (most recent call last):\n  File \"/Users/yannickmacgillavry/Projects/BMAD/path/to/venv/lib/python3.13/site-packages/opentelemetry/trace/__init__.py\", line 589, in use_span\n    yield span\n  File \"/Users/yannickmacgillavry/Projects/BMAD/path/to/venv/lib/python3.13/site-packages/opentelemetry/sdk/trace/__init__.py\", line 1105, in start_as_current_span\n    yield span\n  File \"/Users/yannickmacgillavry/Projects/BMAD/path/to/venv/lib/python3.13/site-packages/opentelemetry/instrumentation/requests/__init__.py\", line 371, in instrumented_send\n    raise exception.with_traceback(exception.__traceback__)\n  File \"/Users/yannickmacgillavry/Projects/BMAD/path/to/venv/lib/python3.13/site-packages/opentelemetry/instrumentation/requests/__init__.py\", line 306, in instrumented_send\n    result = wrapped_send(\n        self, request, **kwargs\n    )  # *** PROCEED\n  File \"/Users/yannickmacgillavry/Projects/BMAD/path/to/venv/lib/python3.13/site-packages/requests/sessions.py\", line 703, in send\n    r = adapter.send(request, **kwargs)\n  File \"/Users/yannickmacgillavry/Projects/BMAD/path/to/venv/lib/python3.13/site-packages/requests/adapters.py\", line 700, in send\n    raise ConnectionError(e, request=request)\nrequests.exceptions.ConnectionError: HTTPConnectionPool(host='localhost', port=5001): Max retries exceeded with url: /slack/events (Caused by NewConnectionError('<urllib3.connection.HTTPConnection object at 0x11b3d4830>: Failed to establish a new connection: [Errno 61] Connection refused'))\n",
                "exception.escaped": "False"
            }
        }
    ],
    "links": [],
    "resource": {
        "attributes": {
            "telemetry.sdk.language": "python",
            "telemetry.sdk.name": "opentelemetry",
            "telemetry.sdk.version": "1.36.0",
            "service.name": "bmad-agents",
            "service.version": "1.0.0",
            "service.environment": "development"
        },
        "schema_url": ""
    }
}
